2025-06-30 12:32:49,854 [INFO] com.mandar.SpringRestApi.SpringRestApiApplication [restartedMain] Starting SpringRestApiApplication using Java 21.0.7 with PID 382579 (/home/mandar-dhamale/vscode-workspaces/SpringRestApi/target/classes started by mandar-dhamale in /home/mandar-dhamale/vscode-workspaces/SpringRestApi)
2025-06-30 12:32:49,856 [INFO] com.mandar.SpringRestApi.SpringRestApiApplication [restartedMain] No active profile set, falling back to 1 default profile: "default"
2025-06-30 12:32:49,947 [INFO] org.springframework.boot.devtools.env.DevToolsPropertyDefaultsPostProcessor [restartedMain] Devtools property defaults active! Set 'spring.devtools.add-properties' to 'false' to disable
2025-06-30 12:32:49,947 [INFO] org.springframework.boot.devtools.env.DevToolsPropertyDefaultsPostProcessor [restartedMain] For additional web related logging consider setting the 'logging.level.web' property to 'DEBUG'
2025-06-30 12:32:51,226 [INFO] org.springframework.data.repository.config.RepositoryConfigurationDelegate [restartedMain] Bootstrapping Spring Data JPA repositories in DEFAULT mode.
2025-06-30 12:32:51,306 [INFO] org.springframework.data.repository.config.RepositoryConfigurationDelegate [restartedMain] Finished Spring Data repository scanning in 66 ms. Found 1 JPA repository interface.
2025-06-30 12:32:52,163 [INFO] org.springframework.boot.web.embedded.tomcat.TomcatWebServer [restartedMain] Tomcat initialized with port 8080 (http)
2025-06-30 12:32:52,183 [INFO] org.apache.catalina.core.StandardService [restartedMain] Starting service [Tomcat]
2025-06-30 12:32:52,183 [INFO] org.apache.catalina.core.StandardEngine [restartedMain] Starting Servlet engine: [Apache Tomcat/10.1.41]
2025-06-30 12:32:52,243 [INFO] org.apache.catalina.core.ContainerBase.[Tomcat].[localhost].[/] [restartedMain] Initializing Spring embedded WebApplicationContext
2025-06-30 12:32:52,244 [INFO] org.springframework.boot.web.servlet.context.ServletWebServerApplicationContext [restartedMain] Root WebApplicationContext: initialization completed in 2296 ms
2025-06-30 12:32:52,560 [INFO] org.hibernate.jpa.internal.util.LogHelper [restartedMain] HHH000204: Processing PersistenceUnitInfo [name: default]
2025-06-30 12:32:52,649 [INFO] org.hibernate.Version [restartedMain] HHH000412: Hibernate ORM core version 6.6.15.Final
2025-06-30 12:32:52,712 [INFO] org.hibernate.cache.internal.RegionFactoryInitiator [restartedMain] HHH000026: Second-level cache disabled
2025-06-30 12:32:53,292 [INFO] org.springframework.orm.jpa.persistenceunit.SpringPersistenceUnitInfo [restartedMain] No LoadTimeWeaver setup: ignoring JPA class transformer
2025-06-30 12:32:53,340 [INFO] com.zaxxer.hikari.HikariDataSource [restartedMain] HikariPool-1 - Starting...
2025-06-30 12:32:53,545 [INFO] com.zaxxer.hikari.pool.HikariPool [restartedMain] HikariPool-1 - Added connection com.mysql.cj.jdbc.ConnectionImpl@225320a2
2025-06-30 12:32:53,547 [INFO] com.zaxxer.hikari.HikariDataSource [restartedMain] HikariPool-1 - Start completed.
2025-06-30 12:32:53,601 [WARN] org.hibernate.orm.deprecation [restartedMain] HHH90000025: MySQLDialect does not need to be specified explicitly using 'hibernate.dialect' (remove the property setting and it will be selected by default)
2025-06-30 12:32:53,625 [INFO] org.hibernate.orm.connections.pooling [restartedMain] HHH10001005: Database info:
	Database JDBC URL [Connecting through datasource 'HikariDataSource (HikariPool-1)']
	Database driver: undefined/unknown
	Database version: 8.0.42
	Autocommit mode: undefined/unknown
	Isolation level: undefined/unknown
	Minimum pool size: undefined/unknown
	Maximum pool size: undefined/unknown
2025-06-30 12:32:54,480 [INFO] org.hibernate.engine.transaction.jta.platform.internal.JtaPlatformInitiator [restartedMain] HHH000489: No JTA platform available (set 'hibernate.transaction.jta.platform' to enable JTA platform integration)
2025-06-30 12:32:54,561 [INFO] org.springframework.orm.jpa.LocalContainerEntityManagerFactoryBean [restartedMain] Initialized JPA EntityManagerFactory for persistence unit 'default'
2025-06-30 12:32:55,938 [WARN] org.springframework.boot.autoconfigure.orm.jpa.JpaBaseConfiguration$JpaWebConfiguration [restartedMain] spring.jpa.open-in-view is enabled by default. Therefore, database queries may be performed during view rendering. Explicitly configure spring.jpa.open-in-view to disable this warning
2025-06-30 12:32:56,187 [INFO] org.springframework.security.config.annotation.authentication.configuration.InitializeUserDetailsBeanManagerConfigurer$InitializeUserDetailsManagerConfigurer [restartedMain] Global AuthenticationManager configured with UserDetailsService bean with name accountService
2025-06-30 12:32:56,735 [INFO] org.springframework.boot.devtools.autoconfigure.OptionalLiveReloadServer [restartedMain] LiveReload server is running on port 35729
2025-06-30 12:32:56,769 [INFO] org.springframework.boot.web.embedded.tomcat.TomcatWebServer [restartedMain] Tomcat started on port 8080 (http) with context path '/'
2025-06-30 12:32:56,783 [INFO] com.mandar.SpringRestApi.SpringRestApiApplication [restartedMain] Started SpringRestApiApplication in 7.59 seconds (process running for 8.227)
2025-06-30 12:33:19,995 [INFO] org.apache.catalina.core.ContainerBase.[Tomcat].[localhost].[/] [http-nio-8080-exec-2] Initializing Spring DispatcherServlet 'dispatcherServlet'
2025-06-30 12:33:19,996 [INFO] org.springframework.web.servlet.DispatcherServlet [http-nio-8080-exec-2] Initializing Servlet 'dispatcherServlet'
2025-06-30 12:33:19,997 [INFO] org.springframework.web.servlet.DispatcherServlet [http-nio-8080-exec-2] Completed initialization in 1 ms
2025-06-30 12:34:37,589 [INFO] org.springframework.boot.web.embedded.tomcat.GracefulShutdown [SpringApplicationShutdownHook] Commencing graceful shutdown. Waiting for active requests to complete
2025-06-30 12:34:37,591 [INFO] org.springframework.boot.web.embedded.tomcat.GracefulShutdown [tomcat-shutdown] Graceful shutdown complete
2025-06-30 12:34:37,596 [INFO] org.springframework.orm.jpa.LocalContainerEntityManagerFactoryBean [SpringApplicationShutdownHook] Closing JPA EntityManagerFactory for persistence unit 'default'
2025-06-30 12:34:37,599 [INFO] com.zaxxer.hikari.HikariDataSource [SpringApplicationShutdownHook] HikariPool-1 - Shutdown initiated...
2025-06-30 12:34:37,606 [INFO] com.zaxxer.hikari.HikariDataSource [SpringApplicationShutdownHook] HikariPool-1 - Shutdown completed.
2025-06-30 12:34:41,367 [INFO] com.mandar.SpringRestApi.SpringRestApiApplication [restartedMain] Starting SpringRestApiApplication using Java 21.0.7 with PID 385371 (/home/mandar-dhamale/vscode-workspaces/SpringRestApi/target/classes started by mandar-dhamale in /home/mandar-dhamale/vscode-workspaces/SpringRestApi)
2025-06-30 12:34:41,369 [INFO] com.mandar.SpringRestApi.SpringRestApiApplication [restartedMain] No active profile set, falling back to 1 default profile: "default"
2025-06-30 12:34:41,451 [INFO] org.springframework.boot.devtools.env.DevToolsPropertyDefaultsPostProcessor [restartedMain] Devtools property defaults active! Set 'spring.devtools.add-properties' to 'false' to disable
2025-06-30 12:34:41,452 [INFO] org.springframework.boot.devtools.env.DevToolsPropertyDefaultsPostProcessor [restartedMain] For additional web related logging consider setting the 'logging.level.web' property to 'DEBUG'
2025-06-30 12:34:42,502 [INFO] org.springframework.data.repository.config.RepositoryConfigurationDelegate [restartedMain] Bootstrapping Spring Data JPA repositories in DEFAULT mode.
2025-06-30 12:34:42,563 [INFO] org.springframework.data.repository.config.RepositoryConfigurationDelegate [restartedMain] Finished Spring Data repository scanning in 51 ms. Found 1 JPA repository interface.
2025-06-30 12:34:43,193 [INFO] org.springframework.boot.web.embedded.tomcat.TomcatWebServer [restartedMain] Tomcat initialized with port 8080 (http)
2025-06-30 12:34:43,209 [INFO] org.apache.catalina.core.StandardService [restartedMain] Starting service [Tomcat]
2025-06-30 12:34:43,209 [INFO] org.apache.catalina.core.StandardEngine [restartedMain] Starting Servlet engine: [Apache Tomcat/10.1.41]
2025-06-30 12:34:43,253 [INFO] org.apache.catalina.core.ContainerBase.[Tomcat].[localhost].[/] [restartedMain] Initializing Spring embedded WebApplicationContext
2025-06-30 12:34:43,253 [INFO] org.springframework.boot.web.servlet.context.ServletWebServerApplicationContext [restartedMain] Root WebApplicationContext: initialization completed in 1801 ms
2025-06-30 12:34:43,517 [INFO] org.hibernate.jpa.internal.util.LogHelper [restartedMain] HHH000204: Processing PersistenceUnitInfo [name: default]
2025-06-30 12:34:43,578 [INFO] org.hibernate.Version [restartedMain] HHH000412: Hibernate ORM core version 6.6.15.Final
2025-06-30 12:34:43,619 [INFO] org.hibernate.cache.internal.RegionFactoryInitiator [restartedMain] HHH000026: Second-level cache disabled
2025-06-30 12:34:43,912 [INFO] org.springframework.orm.jpa.persistenceunit.SpringPersistenceUnitInfo [restartedMain] No LoadTimeWeaver setup: ignoring JPA class transformer
2025-06-30 12:34:43,943 [INFO] com.zaxxer.hikari.HikariDataSource [restartedMain] HikariPool-1 - Starting...
2025-06-30 12:34:44,088 [INFO] com.zaxxer.hikari.pool.HikariPool [restartedMain] HikariPool-1 - Added connection com.mysql.cj.jdbc.ConnectionImpl@6dd3dac5
2025-06-30 12:34:44,090 [INFO] com.zaxxer.hikari.HikariDataSource [restartedMain] HikariPool-1 - Start completed.
2025-06-30 12:34:44,143 [WARN] org.hibernate.orm.deprecation [restartedMain] HHH90000025: MySQLDialect does not need to be specified explicitly using 'hibernate.dialect' (remove the property setting and it will be selected by default)
2025-06-30 12:34:44,165 [INFO] org.hibernate.orm.connections.pooling [restartedMain] HHH10001005: Database info:
	Database JDBC URL [Connecting through datasource 'HikariDataSource (HikariPool-1)']
	Database driver: undefined/unknown
	Database version: 8.0.42
	Autocommit mode: undefined/unknown
	Isolation level: undefined/unknown
	Minimum pool size: undefined/unknown
	Maximum pool size: undefined/unknown
2025-06-30 12:34:44,904 [INFO] org.hibernate.engine.transaction.jta.platform.internal.JtaPlatformInitiator [restartedMain] HHH000489: No JTA platform available (set 'hibernate.transaction.jta.platform' to enable JTA platform integration)
2025-06-30 12:34:44,952 [INFO] org.springframework.orm.jpa.LocalContainerEntityManagerFactoryBean [restartedMain] Initialized JPA EntityManagerFactory for persistence unit 'default'
2025-06-30 12:34:45,818 [WARN] org.springframework.boot.autoconfigure.orm.jpa.JpaBaseConfiguration$JpaWebConfiguration [restartedMain] spring.jpa.open-in-view is enabled by default. Therefore, database queries may be performed during view rendering. Explicitly configure spring.jpa.open-in-view to disable this warning
2025-06-30 12:34:46,073 [INFO] org.springframework.security.config.annotation.authentication.configuration.InitializeUserDetailsBeanManagerConfigurer$InitializeUserDetailsManagerConfigurer [restartedMain] Global AuthenticationManager configured with UserDetailsService bean with name accountService
2025-06-30 12:34:46,547 [INFO] org.springframework.boot.devtools.autoconfigure.OptionalLiveReloadServer [restartedMain] LiveReload server is running on port 35729
2025-06-30 12:34:46,574 [INFO] org.springframework.boot.web.embedded.tomcat.TomcatWebServer [restartedMain] Tomcat started on port 8080 (http) with context path '/'
2025-06-30 12:34:46,585 [INFO] com.mandar.SpringRestApi.SpringRestApiApplication [restartedMain] Started SpringRestApiApplication in 5.814 seconds (process running for 6.342)
2025-06-30 12:35:35,455 [INFO] org.apache.catalina.core.ContainerBase.[Tomcat].[localhost].[/] [http-nio-8080-exec-2] Initializing Spring DispatcherServlet 'dispatcherServlet'
2025-06-30 12:35:35,455 [INFO] org.springframework.web.servlet.DispatcherServlet [http-nio-8080-exec-2] Initializing Servlet 'dispatcherServlet'
2025-06-30 12:35:35,456 [INFO] org.springframework.web.servlet.DispatcherServlet [http-nio-8080-exec-2] Completed initialization in 1 ms
2025-06-30 12:41:08,959 [INFO] org.springframework.boot.web.embedded.tomcat.GracefulShutdown [SpringApplicationShutdownHook] Commencing graceful shutdown. Waiting for active requests to complete
2025-06-30 12:41:08,965 [INFO] org.springframework.boot.web.embedded.tomcat.GracefulShutdown [tomcat-shutdown] Graceful shutdown complete
2025-06-30 12:41:08,976 [INFO] org.springframework.orm.jpa.LocalContainerEntityManagerFactoryBean [SpringApplicationShutdownHook] Closing JPA EntityManagerFactory for persistence unit 'default'
2025-06-30 12:41:08,983 [INFO] com.zaxxer.hikari.HikariDataSource [SpringApplicationShutdownHook] HikariPool-1 - Shutdown initiated...
2025-06-30 12:41:08,999 [INFO] com.zaxxer.hikari.HikariDataSource [SpringApplicationShutdownHook] HikariPool-1 - Shutdown completed.
2025-06-30 12:41:12,455 [INFO] com.mandar.SpringRestApi.SpringRestApiApplication [restartedMain] Starting SpringRestApiApplication using Java 21.0.7 with PID 394134 (/home/mandar-dhamale/vscode-workspaces/SpringRestApi/target/classes started by mandar-dhamale in /home/mandar-dhamale/vscode-workspaces/SpringRestApi)
2025-06-30 12:41:12,457 [INFO] com.mandar.SpringRestApi.SpringRestApiApplication [restartedMain] No active profile set, falling back to 1 default profile: "default"
2025-06-30 12:41:12,534 [INFO] org.springframework.boot.devtools.env.DevToolsPropertyDefaultsPostProcessor [restartedMain] Devtools property defaults active! Set 'spring.devtools.add-properties' to 'false' to disable
2025-06-30 12:41:12,534 [INFO] org.springframework.boot.devtools.env.DevToolsPropertyDefaultsPostProcessor [restartedMain] For additional web related logging consider setting the 'logging.level.web' property to 'DEBUG'
2025-06-30 12:41:13,572 [INFO] org.springframework.data.repository.config.RepositoryConfigurationDelegate [restartedMain] Bootstrapping Spring Data JPA repositories in DEFAULT mode.
2025-06-30 12:41:13,635 [INFO] org.springframework.data.repository.config.RepositoryConfigurationDelegate [restartedMain] Finished Spring Data repository scanning in 52 ms. Found 1 JPA repository interface.
2025-06-30 12:41:14,317 [INFO] org.springframework.boot.web.embedded.tomcat.TomcatWebServer [restartedMain] Tomcat initialized with port 8080 (http)
2025-06-30 12:41:14,334 [INFO] org.apache.catalina.core.StandardService [restartedMain] Starting service [Tomcat]
2025-06-30 12:41:14,334 [INFO] org.apache.catalina.core.StandardEngine [restartedMain] Starting Servlet engine: [Apache Tomcat/10.1.41]
2025-06-30 12:41:14,384 [INFO] org.apache.catalina.core.ContainerBase.[Tomcat].[localhost].[/] [restartedMain] Initializing Spring embedded WebApplicationContext
2025-06-30 12:41:14,385 [INFO] org.springframework.boot.web.servlet.context.ServletWebServerApplicationContext [restartedMain] Root WebApplicationContext: initialization completed in 1849 ms
2025-06-30 12:41:14,630 [INFO] org.hibernate.jpa.internal.util.LogHelper [restartedMain] HHH000204: Processing PersistenceUnitInfo [name: default]
2025-06-30 12:41:14,677 [INFO] org.hibernate.Version [restartedMain] HHH000412: Hibernate ORM core version 6.6.15.Final
2025-06-30 12:41:14,712 [INFO] org.hibernate.cache.internal.RegionFactoryInitiator [restartedMain] HHH000026: Second-level cache disabled
2025-06-30 12:41:14,984 [INFO] org.springframework.orm.jpa.persistenceunit.SpringPersistenceUnitInfo [restartedMain] No LoadTimeWeaver setup: ignoring JPA class transformer
2025-06-30 12:41:15,017 [INFO] com.zaxxer.hikari.HikariDataSource [restartedMain] HikariPool-1 - Starting...
2025-06-30 12:41:15,161 [INFO] com.zaxxer.hikari.pool.HikariPool [restartedMain] HikariPool-1 - Added connection com.mysql.cj.jdbc.ConnectionImpl@6dd3dac5
2025-06-30 12:41:15,163 [INFO] com.zaxxer.hikari.HikariDataSource [restartedMain] HikariPool-1 - Start completed.
2025-06-30 12:41:15,209 [WARN] org.hibernate.orm.deprecation [restartedMain] HHH90000025: MySQLDialect does not need to be specified explicitly using 'hibernate.dialect' (remove the property setting and it will be selected by default)
2025-06-30 12:41:15,227 [INFO] org.hibernate.orm.connections.pooling [restartedMain] HHH10001005: Database info:
	Database JDBC URL [Connecting through datasource 'HikariDataSource (HikariPool-1)']
	Database driver: undefined/unknown
	Database version: 8.0.42
	Autocommit mode: undefined/unknown
	Isolation level: undefined/unknown
	Minimum pool size: undefined/unknown
	Maximum pool size: undefined/unknown
2025-06-30 12:41:15,948 [INFO] org.hibernate.engine.transaction.jta.platform.internal.JtaPlatformInitiator [restartedMain] HHH000489: No JTA platform available (set 'hibernate.transaction.jta.platform' to enable JTA platform integration)
2025-06-30 12:41:15,999 [INFO] org.springframework.orm.jpa.LocalContainerEntityManagerFactoryBean [restartedMain] Initialized JPA EntityManagerFactory for persistence unit 'default'
2025-06-30 12:41:16,802 [WARN] org.springframework.boot.autoconfigure.orm.jpa.JpaBaseConfiguration$JpaWebConfiguration [restartedMain] spring.jpa.open-in-view is enabled by default. Therefore, database queries may be performed during view rendering. Explicitly configure spring.jpa.open-in-view to disable this warning
2025-06-30 12:41:17,053 [INFO] org.springframework.security.config.annotation.authentication.configuration.InitializeUserDetailsBeanManagerConfigurer$InitializeUserDetailsManagerConfigurer [restartedMain] Global AuthenticationManager configured with UserDetailsService bean with name accountService
2025-06-30 12:41:17,570 [INFO] org.springframework.boot.devtools.autoconfigure.OptionalLiveReloadServer [restartedMain] LiveReload server is running on port 35729
2025-06-30 12:41:17,600 [INFO] org.springframework.boot.web.embedded.tomcat.TomcatWebServer [restartedMain] Tomcat started on port 8080 (http) with context path '/'
2025-06-30 12:41:17,614 [INFO] com.mandar.SpringRestApi.SpringRestApiApplication [restartedMain] Started SpringRestApiApplication in 5.755 seconds (process running for 6.271)
2025-06-30 12:41:39,565 [INFO] org.springframework.boot.web.embedded.tomcat.GracefulShutdown [SpringApplicationShutdownHook] Commencing graceful shutdown. Waiting for active requests to complete
2025-06-30 12:41:39,567 [INFO] org.springframework.boot.web.embedded.tomcat.GracefulShutdown [tomcat-shutdown] Graceful shutdown complete
2025-06-30 12:41:39,572 [INFO] org.springframework.orm.jpa.LocalContainerEntityManagerFactoryBean [SpringApplicationShutdownHook] Closing JPA EntityManagerFactory for persistence unit 'default'
2025-06-30 12:41:39,575 [INFO] com.zaxxer.hikari.HikariDataSource [SpringApplicationShutdownHook] HikariPool-1 - Shutdown initiated...
2025-06-30 12:41:39,582 [INFO] com.zaxxer.hikari.HikariDataSource [SpringApplicationShutdownHook] HikariPool-1 - Shutdown completed.
2025-06-30 12:41:41,608 [INFO] com.mandar.SpringRestApi.SpringRestApiApplication [restartedMain] Starting SpringRestApiApplication using Java 21.0.7 with PID 394927 (/home/mandar-dhamale/vscode-workspaces/SpringRestApi/target/classes started by mandar-dhamale in /home/mandar-dhamale/vscode-workspaces/SpringRestApi)
2025-06-30 12:41:41,610 [INFO] com.mandar.SpringRestApi.SpringRestApiApplication [restartedMain] No active profile set, falling back to 1 default profile: "default"
2025-06-30 12:41:41,689 [INFO] org.springframework.boot.devtools.env.DevToolsPropertyDefaultsPostProcessor [restartedMain] Devtools property defaults active! Set 'spring.devtools.add-properties' to 'false' to disable
2025-06-30 12:41:41,690 [INFO] org.springframework.boot.devtools.env.DevToolsPropertyDefaultsPostProcessor [restartedMain] For additional web related logging consider setting the 'logging.level.web' property to 'DEBUG'
2025-06-30 12:41:42,758 [INFO] org.springframework.data.repository.config.RepositoryConfigurationDelegate [restartedMain] Bootstrapping Spring Data JPA repositories in DEFAULT mode.
2025-06-30 12:41:42,820 [INFO] org.springframework.data.repository.config.RepositoryConfigurationDelegate [restartedMain] Finished Spring Data repository scanning in 51 ms. Found 1 JPA repository interface.
2025-06-30 12:41:43,561 [INFO] org.springframework.boot.web.embedded.tomcat.TomcatWebServer [restartedMain] Tomcat initialized with port 8080 (http)
2025-06-30 12:41:43,586 [INFO] org.apache.catalina.core.StandardService [restartedMain] Starting service [Tomcat]
2025-06-30 12:41:43,587 [INFO] org.apache.catalina.core.StandardEngine [restartedMain] Starting Servlet engine: [Apache Tomcat/10.1.41]
2025-06-30 12:41:43,649 [INFO] org.apache.catalina.core.ContainerBase.[Tomcat].[localhost].[/] [restartedMain] Initializing Spring embedded WebApplicationContext
2025-06-30 12:41:43,650 [INFO] org.springframework.boot.web.servlet.context.ServletWebServerApplicationContext [restartedMain] Root WebApplicationContext: initialization completed in 1959 ms
2025-06-30 12:41:43,867 [INFO] org.hibernate.jpa.internal.util.LogHelper [restartedMain] HHH000204: Processing PersistenceUnitInfo [name: default]
2025-06-30 12:41:43,921 [INFO] org.hibernate.Version [restartedMain] HHH000412: Hibernate ORM core version 6.6.15.Final
2025-06-30 12:41:43,958 [INFO] org.hibernate.cache.internal.RegionFactoryInitiator [restartedMain] HHH000026: Second-level cache disabled
2025-06-30 12:41:44,248 [INFO] org.springframework.orm.jpa.persistenceunit.SpringPersistenceUnitInfo [restartedMain] No LoadTimeWeaver setup: ignoring JPA class transformer
2025-06-30 12:41:44,279 [INFO] com.zaxxer.hikari.HikariDataSource [restartedMain] HikariPool-1 - Starting...
2025-06-30 12:41:44,440 [INFO] com.zaxxer.hikari.pool.HikariPool [restartedMain] HikariPool-1 - Added connection com.mysql.cj.jdbc.ConnectionImpl@582120f6
2025-06-30 12:41:44,442 [INFO] com.zaxxer.hikari.HikariDataSource [restartedMain] HikariPool-1 - Start completed.
2025-06-30 12:41:44,498 [WARN] org.hibernate.orm.deprecation [restartedMain] HHH90000025: MySQLDialect does not need to be specified explicitly using 'hibernate.dialect' (remove the property setting and it will be selected by default)
2025-06-30 12:41:44,517 [INFO] org.hibernate.orm.connections.pooling [restartedMain] HHH10001005: Database info:
	Database JDBC URL [Connecting through datasource 'HikariDataSource (HikariPool-1)']
	Database driver: undefined/unknown
	Database version: 8.0.42
	Autocommit mode: undefined/unknown
	Isolation level: undefined/unknown
	Minimum pool size: undefined/unknown
	Maximum pool size: undefined/unknown
2025-06-30 12:41:45,194 [INFO] org.hibernate.engine.transaction.jta.platform.internal.JtaPlatformInitiator [restartedMain] HHH000489: No JTA platform available (set 'hibernate.transaction.jta.platform' to enable JTA platform integration)
2025-06-30 12:41:45,232 [INFO] org.springframework.orm.jpa.LocalContainerEntityManagerFactoryBean [restartedMain] Initialized JPA EntityManagerFactory for persistence unit 'default'
2025-06-30 12:41:46,004 [WARN] org.springframework.boot.autoconfigure.orm.jpa.JpaBaseConfiguration$JpaWebConfiguration [restartedMain] spring.jpa.open-in-view is enabled by default. Therefore, database queries may be performed during view rendering. Explicitly configure spring.jpa.open-in-view to disable this warning
2025-06-30 12:41:46,280 [INFO] org.springframework.security.config.annotation.authentication.configuration.InitializeUserDetailsBeanManagerConfigurer$InitializeUserDetailsManagerConfigurer [restartedMain] Global AuthenticationManager configured with UserDetailsService bean with name accountService
2025-06-30 12:41:46,787 [INFO] org.springframework.boot.devtools.autoconfigure.OptionalLiveReloadServer [restartedMain] LiveReload server is running on port 35729
2025-06-30 12:41:46,817 [INFO] org.springframework.boot.web.embedded.tomcat.TomcatWebServer [restartedMain] Tomcat started on port 8080 (http) with context path '/'
2025-06-30 12:41:46,831 [INFO] com.mandar.SpringRestApi.SpringRestApiApplication [restartedMain] Started SpringRestApiApplication in 5.863 seconds (process running for 6.404)
2025-06-30 12:41:48,868 [INFO] org.apache.catalina.core.ContainerBase.[Tomcat].[localhost].[/] [http-nio-8080-exec-1] Initializing Spring DispatcherServlet 'dispatcherServlet'
2025-06-30 12:41:48,869 [INFO] org.springframework.web.servlet.DispatcherServlet [http-nio-8080-exec-1] Initializing Servlet 'dispatcherServlet'
2025-06-30 12:41:48,870 [INFO] org.springframework.web.servlet.DispatcherServlet [http-nio-8080-exec-1] Completed initialization in 1 ms
2025-06-30 12:43:45,483 [INFO] org.springframework.boot.web.embedded.tomcat.GracefulShutdown [SpringApplicationShutdownHook] Commencing graceful shutdown. Waiting for active requests to complete
2025-06-30 12:43:45,485 [INFO] org.springframework.boot.web.embedded.tomcat.GracefulShutdown [tomcat-shutdown] Graceful shutdown complete
2025-06-30 12:43:45,490 [INFO] org.springframework.orm.jpa.LocalContainerEntityManagerFactoryBean [SpringApplicationShutdownHook] Closing JPA EntityManagerFactory for persistence unit 'default'
2025-06-30 12:43:45,493 [INFO] com.zaxxer.hikari.HikariDataSource [SpringApplicationShutdownHook] HikariPool-1 - Shutdown initiated...
2025-06-30 12:43:45,499 [INFO] com.zaxxer.hikari.HikariDataSource [SpringApplicationShutdownHook] HikariPool-1 - Shutdown completed.
2025-06-30 12:43:48,995 [INFO] c.m.S.SpringRestApiApplication [restartedMain] Starting SpringRestApiApplication using Java 21.0.7 with PID 397799 (/home/mandar-dhamale/vscode-workspaces/SpringRestApi/target/classes started by mandar-dhamale in /home/mandar-dhamale/vscode-workspaces/SpringRestApi)
2025-06-30 12:43:48,996 [INFO] c.m.S.SpringRestApiApplication [restartedMain] No active profile set, falling back to 1 default profile: "default"
2025-06-30 12:43:49,072 [INFO] o.s.b.d.e.DevToolsPropertyDefaultsPostProcessor [restartedMain] Devtools property defaults active! Set 'spring.devtools.add-properties' to 'false' to disable
2025-06-30 12:43:49,072 [INFO] o.s.b.d.e.DevToolsPropertyDefaultsPostProcessor [restartedMain] For additional web related logging consider setting the 'logging.level.web' property to 'DEBUG'
2025-06-30 12:43:50,029 [INFO] o.s.d.r.c.RepositoryConfigurationDelegate [restartedMain] Bootstrapping Spring Data JPA repositories in DEFAULT mode.
2025-06-30 12:43:50,097 [INFO] o.s.d.r.c.RepositoryConfigurationDelegate [restartedMain] Finished Spring Data repository scanning in 58 ms. Found 1 JPA repository interface.
2025-06-30 12:43:50,793 [INFO] o.s.b.w.e.t.TomcatWebServer [restartedMain] Tomcat initialized with port 8080 (http)
2025-06-30 12:43:50,811 [INFO] o.a.c.c.StandardService [restartedMain] Starting service [Tomcat]
2025-06-30 12:43:50,812 [INFO] o.a.c.c.StandardEngine [restartedMain] Starting Servlet engine: [Apache Tomcat/10.1.41]
2025-06-30 12:43:50,862 [INFO] o.a.c.c.C.[.[.[/] [restartedMain] Initializing Spring embedded WebApplicationContext
2025-06-30 12:43:50,862 [INFO] o.s.b.w.s.c.ServletWebServerApplicationContext [restartedMain] Root WebApplicationContext: initialization completed in 1789 ms
2025-06-30 12:43:51,099 [INFO] o.h.j.i.u.LogHelper [restartedMain] HHH000204: Processing PersistenceUnitInfo [name: default]
2025-06-30 12:43:51,146 [INFO] o.h.Version [restartedMain] HHH000412: Hibernate ORM core version 6.6.15.Final
2025-06-30 12:43:51,180 [INFO] o.h.c.i.RegionFactoryInitiator [restartedMain] HHH000026: Second-level cache disabled
2025-06-30 12:43:51,519 [INFO] o.s.o.j.p.SpringPersistenceUnitInfo [restartedMain] No LoadTimeWeaver setup: ignoring JPA class transformer
2025-06-30 12:43:51,561 [INFO] c.z.h.HikariDataSource [restartedMain] HikariPool-1 - Starting...
2025-06-30 12:43:51,727 [INFO] c.z.h.p.HikariPool [restartedMain] HikariPool-1 - Added connection com.mysql.cj.jdbc.ConnectionImpl@43f3927a
2025-06-30 12:43:51,729 [INFO] c.z.h.HikariDataSource [restartedMain] HikariPool-1 - Start completed.
2025-06-30 12:43:51,783 [WARN] o.h.o.deprecation [restartedMain] HHH90000025: MySQLDialect does not need to be specified explicitly using 'hibernate.dialect' (remove the property setting and it will be selected by default)
2025-06-30 12:43:51,803 [INFO] o.h.o.c.pooling [restartedMain] HHH10001005: Database info:
	Database JDBC URL [Connecting through datasource 'HikariDataSource (HikariPool-1)']
	Database driver: undefined/unknown
	Database version: 8.0.42
	Autocommit mode: undefined/unknown
	Isolation level: undefined/unknown
	Minimum pool size: undefined/unknown
	Maximum pool size: undefined/unknown
2025-06-30 12:43:52,520 [INFO] o.h.e.t.j.p.i.JtaPlatformInitiator [restartedMain] HHH000489: No JTA platform available (set 'hibernate.transaction.jta.platform' to enable JTA platform integration)
2025-06-30 12:43:52,579 [INFO] o.s.o.j.LocalContainerEntityManagerFactoryBean [restartedMain] Initialized JPA EntityManagerFactory for persistence unit 'default'
2025-06-30 12:43:53,239 [WARN] o.s.b.a.o.j.JpaBaseConfiguration$JpaWebConfiguration [restartedMain] spring.jpa.open-in-view is enabled by default. Therefore, database queries may be performed during view rendering. Explicitly configure spring.jpa.open-in-view to disable this warning
2025-06-30 12:43:53,481 [INFO] o.s.s.c.a.a.c.InitializeUserDetailsBeanManagerConfigurer$InitializeUserDetailsManagerConfigurer [restartedMain] Global AuthenticationManager configured with UserDetailsService bean with name accountService
2025-06-30 12:43:54,010 [INFO] o.s.b.d.a.OptionalLiveReloadServer [restartedMain] LiveReload server is running on port 35729
2025-06-30 12:43:54,042 [INFO] o.s.b.w.e.t.TomcatWebServer [restartedMain] Tomcat started on port 8080 (http) with context path '/'
2025-06-30 12:43:54,056 [INFO] c.m.S.SpringRestApiApplication [restartedMain] Started SpringRestApiApplication in 5.666 seconds (process running for 6.169)
2025-06-30 12:44:01,749 [INFO] o.a.c.c.C.[.[.[/] [http-nio-8080-exec-2] Initializing Spring DispatcherServlet 'dispatcherServlet'
2025-06-30 12:44:01,749 [INFO] o.s.w.s.DispatcherServlet [http-nio-8080-exec-2] Initializing Servlet 'dispatcherServlet'
2025-06-30 12:44:01,751 [INFO] o.s.w.s.DispatcherServlet [http-nio-8080-exec-2] Completed initialization in 1 ms
2025-06-30 12:45:59,787 [INFO] o.s.b.w.e.t.GracefulShutdown [SpringApplicationShutdownHook] Commencing graceful shutdown. Waiting for active requests to complete
2025-06-30 12:45:59,792 [INFO] o.s.b.w.e.t.GracefulShutdown [tomcat-shutdown] Graceful shutdown complete
2025-06-30 12:45:59,803 [INFO] o.s.o.j.LocalContainerEntityManagerFactoryBean [SpringApplicationShutdownHook] Closing JPA EntityManagerFactory for persistence unit 'default'
2025-06-30 12:45:59,811 [INFO] c.z.h.HikariDataSource [SpringApplicationShutdownHook] HikariPool-1 - Shutdown initiated...
2025-06-30 12:45:59,826 [INFO] c.z.h.HikariDataSource [SpringApplicationShutdownHook] HikariPool-1 - Shutdown completed.
2025-06-30 12:46:03,297 [INFO] c.m.S.SpringRestApiApplication [restartedMain] Starting SpringRestApiApplication using Java 21.0.7 with PID 400832 (/home/mandar-dhamale/vscode-workspaces/SpringRestApi/target/classes started by mandar-dhamale in /home/mandar-dhamale/vscode-workspaces/SpringRestApi)
2025-06-30 12:46:03,300 [INFO] c.m.S.SpringRestApiApplication [restartedMain] No active profile set, falling back to 1 default profile: "default"
2025-06-30 12:46:03,391 [INFO] o.s.b.d.e.DevToolsPropertyDefaultsPostProcessor [restartedMain] Devtools property defaults active! Set 'spring.devtools.add-properties' to 'false' to disable
2025-06-30 12:46:03,391 [INFO] o.s.b.d.e.DevToolsPropertyDefaultsPostProcessor [restartedMain] For additional web related logging consider setting the 'logging.level.web' property to 'DEBUG'
2025-06-30 12:46:04,438 [INFO] o.s.d.r.c.RepositoryConfigurationDelegate [restartedMain] Bootstrapping Spring Data JPA repositories in DEFAULT mode.
2025-06-30 12:46:04,503 [INFO] o.s.d.r.c.RepositoryConfigurationDelegate [restartedMain] Finished Spring Data repository scanning in 53 ms. Found 1 JPA repository interface.
2025-06-30 12:46:05,172 [INFO] o.s.b.w.e.t.TomcatWebServer [restartedMain] Tomcat initialized with port 8080 (http)
2025-06-30 12:46:05,191 [INFO] o.a.c.c.StandardService [restartedMain] Starting service [Tomcat]
2025-06-30 12:46:05,191 [INFO] o.a.c.c.StandardEngine [restartedMain] Starting Servlet engine: [Apache Tomcat/10.1.41]
2025-06-30 12:46:05,237 [INFO] o.a.c.c.C.[.[.[/] [restartedMain] Initializing Spring embedded WebApplicationContext
2025-06-30 12:46:05,238 [INFO] o.s.b.w.s.c.ServletWebServerApplicationContext [restartedMain] Root WebApplicationContext: initialization completed in 1845 ms
2025-06-30 12:46:05,465 [INFO] o.h.j.i.u.LogHelper [restartedMain] HHH000204: Processing PersistenceUnitInfo [name: default]
2025-06-30 12:46:05,515 [INFO] o.h.Version [restartedMain] HHH000412: Hibernate ORM core version 6.6.15.Final
2025-06-30 12:46:05,552 [INFO] o.h.c.i.RegionFactoryInitiator [restartedMain] HHH000026: Second-level cache disabled
2025-06-30 12:46:05,839 [INFO] o.s.o.j.p.SpringPersistenceUnitInfo [restartedMain] No LoadTimeWeaver setup: ignoring JPA class transformer
2025-06-30 12:46:05,870 [INFO] c.z.h.HikariDataSource [restartedMain] HikariPool-1 - Starting...
2025-06-30 12:46:06,019 [INFO] c.z.h.p.HikariPool [restartedMain] HikariPool-1 - Added connection com.mysql.cj.jdbc.ConnectionImpl@69df4f1e
2025-06-30 12:46:06,020 [INFO] c.z.h.HikariDataSource [restartedMain] HikariPool-1 - Start completed.
2025-06-30 12:46:06,075 [WARN] o.h.o.deprecation [restartedMain] HHH90000025: MySQLDialect does not need to be specified explicitly using 'hibernate.dialect' (remove the property setting and it will be selected by default)
2025-06-30 12:46:06,096 [INFO] o.h.o.c.pooling [restartedMain] HHH10001005: Database info:
	Database JDBC URL [Connecting through datasource 'HikariDataSource (HikariPool-1)']
	Database driver: undefined/unknown
	Database version: 8.0.42
	Autocommit mode: undefined/unknown
	Isolation level: undefined/unknown
	Minimum pool size: undefined/unknown
	Maximum pool size: undefined/unknown
2025-06-30 12:46:06,812 [INFO] o.h.e.t.j.p.i.JtaPlatformInitiator [restartedMain] HHH000489: No JTA platform available (set 'hibernate.transaction.jta.platform' to enable JTA platform integration)
2025-06-30 12:46:06,854 [INFO] o.s.o.j.LocalContainerEntityManagerFactoryBean [restartedMain] Initialized JPA EntityManagerFactory for persistence unit 'default'
2025-06-30 12:46:07,568 [WARN] o.s.b.a.o.j.JpaBaseConfiguration$JpaWebConfiguration [restartedMain] spring.jpa.open-in-view is enabled by default. Therefore, database queries may be performed during view rendering. Explicitly configure spring.jpa.open-in-view to disable this warning
2025-06-30 12:46:07,815 [INFO] o.s.s.c.a.a.c.InitializeUserDetailsBeanManagerConfigurer$InitializeUserDetailsManagerConfigurer [restartedMain] Global AuthenticationManager configured with UserDetailsService bean with name accountService
2025-06-30 12:46:08,278 [INFO] o.s.b.d.a.OptionalLiveReloadServer [restartedMain] LiveReload server is running on port 35729
2025-06-30 12:46:08,306 [INFO] o.s.b.w.e.t.TomcatWebServer [restartedMain] Tomcat started on port 8080 (http) with context path '/'
2025-06-30 12:46:08,321 [INFO] c.m.S.SpringRestApiApplication [restartedMain] Started SpringRestApiApplication in 5.659 seconds (process running for 6.18)
2025-06-30 12:46:11,797 [INFO] o.a.c.c.C.[.[.[/] [http-nio-8080-exec-2] Initializing Spring DispatcherServlet 'dispatcherServlet'
2025-06-30 12:46:11,797 [INFO] o.s.w.s.DispatcherServlet [http-nio-8080-exec-2] Initializing Servlet 'dispatcherServlet'
2025-06-30 12:46:11,799 [INFO] o.s.w.s.DispatcherServlet [http-nio-8080-exec-2] Completed initialization in 2 ms
2025-06-30 12:47:21,540 [INFO] o.s.b.w.e.t.GracefulShutdown [SpringApplicationShutdownHook] Commencing graceful shutdown. Waiting for active requests to complete
2025-06-30 12:47:21,542 [INFO] o.s.b.w.e.t.GracefulShutdown [tomcat-shutdown] Graceful shutdown complete
2025-06-30 12:47:21,547 [INFO] o.s.o.j.LocalContainerEntityManagerFactoryBean [SpringApplicationShutdownHook] Closing JPA EntityManagerFactory for persistence unit 'default'
2025-06-30 12:47:21,550 [INFO] c.z.h.HikariDataSource [SpringApplicationShutdownHook] HikariPool-1 - Shutdown initiated...
2025-06-30 12:47:21,556 [INFO] c.z.h.HikariDataSource [SpringApplicationShutdownHook] HikariPool-1 - Shutdown completed.
