2025-05-02 22:06:05,704 [INFO] com.mandar.spring_web_template_integration.SpringWebTemplateIntegrationApplication [restartedMain] Starting SpringWebTemplateIntegrationApplication using Java 17.0.14 with PID 10310 (/home/mandar-dhamale/vscode-workspaces/spring-web-template-integration/target/classes started by mandar-dhamale in /home/mandar-dhamale/vscode-workspaces/spring-web-template-integration)
2025-05-02 22:06:05,713 [INFO] com.mandar.spring_web_template_integration.SpringWebTemplateIntegrationApplication [restartedMain] No active profile set, falling back to 1 default profile: "default"
2025-05-02 22:06:05,811 [INFO] org.springframework.boot.devtools.env.DevToolsPropertyDefaultsPostProcessor [restartedMain] Devtools property defaults active! Set 'spring.devtools.add-properties' to 'false' to disable
2025-05-02 22:06:05,812 [INFO] org.springframework.boot.devtools.env.DevToolsPropertyDefaultsPostProcessor [restartedMain] For additional web related logging consider setting the 'logging.level.web' property to 'DEBUG'
2025-05-02 22:06:06,829 [INFO] org.springframework.data.repository.config.RepositoryConfigurationDelegate [restartedMain] Bootstrapping Spring Data JPA repositories in DEFAULT mode.
2025-05-02 22:06:06,931 [INFO] org.springframework.data.repository.config.RepositoryConfigurationDelegate [restartedMain] Finished Spring Data repository scanning in 85 ms. Found 3 JPA repository interfaces.
2025-05-02 22:06:07,985 [INFO] org.springframework.boot.web.embedded.tomcat.TomcatWebServer [restartedMain] Tomcat initialized with port 8080 (http)
2025-05-02 22:06:08,004 [INFO] org.apache.catalina.core.StandardService [restartedMain] Starting service [Tomcat]
2025-05-02 22:06:08,004 [INFO] org.apache.catalina.core.StandardEngine [restartedMain] Starting Servlet engine: [Apache Tomcat/10.1.36]
2025-05-02 22:06:08,083 [INFO] org.apache.catalina.core.ContainerBase.[Tomcat].[localhost].[/] [restartedMain] Initializing Spring embedded WebApplicationContext
2025-05-02 22:06:08,087 [INFO] org.springframework.boot.web.servlet.context.ServletWebServerApplicationContext [restartedMain] Root WebApplicationContext: initialization completed in 2273 ms
2025-05-02 22:06:08,454 [INFO] org.hibernate.jpa.internal.util.LogHelper [restartedMain] HHH000204: Processing PersistenceUnitInfo [name: default]
2025-05-02 22:06:08,534 [INFO] org.hibernate.Version [restartedMain] HHH000412: Hibernate ORM core version 6.6.8.Final
2025-05-02 22:06:08,612 [INFO] org.hibernate.cache.internal.RegionFactoryInitiator [restartedMain] HHH000026: Second-level cache disabled
2025-05-02 22:06:09,049 [INFO] org.springframework.orm.jpa.persistenceunit.SpringPersistenceUnitInfo [restartedMain] No LoadTimeWeaver setup: ignoring JPA class transformer
2025-05-02 22:06:09,093 [INFO] com.zaxxer.hikari.HikariDataSource [restartedMain] HikariPool-1 - Starting...
2025-05-02 22:06:09,393 [INFO] com.zaxxer.hikari.pool.HikariPool [restartedMain] HikariPool-1 - Added connection conn0: url=jdbc:h2:file:./db/blogdb user=ADMIN
2025-05-02 22:06:09,395 [INFO] com.zaxxer.hikari.HikariDataSource [restartedMain] HikariPool-1 - Start completed.
2025-05-02 22:06:09,427 [WARN] org.hibernate.orm.deprecation [restartedMain] HHH90000025: H2Dialect does not need to be specified explicitly using 'hibernate.dialect' (remove the property setting and it will be selected by default)
2025-05-02 22:06:09,471 [INFO] org.hibernate.orm.connections.pooling [restartedMain] HHH10001005: Database info:
	Database JDBC URL [Connecting through datasource 'HikariDataSource (HikariPool-1)']
	Database driver: undefined/unknown
	Database version: 2.3.232
	Autocommit mode: undefined/unknown
	Isolation level: undefined/unknown
	Minimum pool size: undefined/unknown
	Maximum pool size: undefined/unknown
2025-05-02 22:06:10,550 [INFO] org.hibernate.engine.transaction.jta.platform.internal.JtaPlatformInitiator [restartedMain] HHH000489: No JTA platform available (set 'hibernate.transaction.jta.platform' to enable JTA platform integration)
2025-05-02 22:06:10,620 [INFO] org.springframework.orm.jpa.LocalContainerEntityManagerFactoryBean [restartedMain] Initialized JPA EntityManagerFactory for persistence unit 'default'
2025-05-02 22:06:11,264 [WARN] org.springframework.boot.autoconfigure.orm.jpa.JpaBaseConfiguration$JpaWebConfiguration [restartedMain] spring.jpa.open-in-view is enabled by default. Therefore, database queries may be performed during view rendering. Explicitly configure spring.jpa.open-in-view to disable this warning
2025-05-02 22:06:11,319 [INFO] org.springframework.security.config.annotation.authentication.configuration.InitializeUserDetailsBeanManagerConfigurer$InitializeUserDetailsManagerConfigurer [restartedMain] Global AuthenticationManager configured with UserDetailsService bean with name accountService
2025-05-02 22:06:12,148 [INFO] org.springframework.boot.autoconfigure.h2.H2ConsoleAutoConfiguration [restartedMain] H2 console available at '/db-console'. Database available at 'jdbc:h2:file:./db/blogdb'
2025-05-02 22:06:12,239 [INFO] org.springframework.boot.devtools.autoconfigure.OptionalLiveReloadServer [restartedMain] LiveReload server is running on port 35729
2025-05-02 22:06:12,275 [INFO] org.springframework.boot.web.embedded.tomcat.TomcatWebServer [restartedMain] Tomcat started on port 8080 (http) with context path '/'
2025-05-02 22:06:12,297 [INFO] com.mandar.spring_web_template_integration.SpringWebTemplateIntegrationApplication [restartedMain] Started SpringWebTemplateIntegrationApplication in 7.182 seconds (process running for 7.708)
2025-05-02 22:06:12,312 [INFO] com.mandar.spring_web_template_integration.config.SeedData [restartedMain] Initializing seed data...
2025-05-02 22:06:12,885 [INFO] com.mandar.spring_web_template_integration.config.SeedData [restartedMain] Seed data initialization completed.
2025-05-02 22:06:32,651 [INFO] org.apache.catalina.core.ContainerBase.[Tomcat].[localhost].[/] [http-nio-8080-exec-1] Initializing Spring DispatcherServlet 'dispatcherServlet'
2025-05-02 22:06:32,651 [INFO] org.springframework.web.servlet.DispatcherServlet [http-nio-8080-exec-1] Initializing Servlet 'dispatcherServlet'
2025-05-02 22:06:32,653 [INFO] org.springframework.web.servlet.DispatcherServlet [http-nio-8080-exec-1] Completed initialization in 2 ms
2025-05-02 22:07:28,466 [INFO] org.springframework.boot.web.embedded.tomcat.GracefulShutdown [SpringApplicationShutdownHook] Commencing graceful shutdown. Waiting for active requests to complete
2025-05-02 22:07:28,479 [INFO] org.springframework.boot.web.embedded.tomcat.GracefulShutdown [tomcat-shutdown] Graceful shutdown complete
2025-05-02 22:07:28,493 [INFO] org.springframework.orm.jpa.LocalContainerEntityManagerFactoryBean [SpringApplicationShutdownHook] Closing JPA EntityManagerFactory for persistence unit 'default'
2025-05-02 22:07:28,581 [INFO] com.zaxxer.hikari.HikariDataSource [SpringApplicationShutdownHook] HikariPool-1 - Shutdown initiated...
2025-05-02 22:07:28,599 [INFO] com.zaxxer.hikari.HikariDataSource [SpringApplicationShutdownHook] HikariPool-1 - Shutdown completed.
